[21:53:14] [Server thread/INFO]: Starting minecraft server version 1.12.2
[21:53:14] [Server thread/INFO]: Loading properties
[21:53:14] [Server thread/INFO]: Default game type: SURVIVAL
[21:53:14] [Server thread/INFO]: Generating keypair
[21:53:14] [Server thread/INFO]: Starting Minecraft server on *:25565
[21:53:14] [Server thread/INFO]: Using epoll channel type
[21:53:15] [Server thread/INFO]: Preparing level "world"
[21:53:15] [Server thread/INFO]: Loaded 488 advancements
[21:53:16] [Server thread/INFO]: Preparing start region for level 0
[21:53:17] [Server thread/INFO]: Preparing spawn area: 4%
[21:53:19] [Server thread/INFO]: Preparing spawn area: 8%
[21:53:20] [Server thread/INFO]: Preparing spawn area: 11%
[21:53:21] [Server thread/INFO]: Preparing spawn area: 14%
[21:53:22] [Server thread/INFO]: Preparing spawn area: 17%
[21:53:23] [Server thread/INFO]: Preparing spawn area: 21%
[21:53:24] [Server thread/INFO]: Preparing spawn area: 25%
[21:53:25] [Server thread/INFO]: Preparing spawn area: 30%
[21:53:26] [Server thread/INFO]: Preparing spawn area: 35%
[21:53:27] [Server thread/INFO]: Preparing spawn area: 40%
[21:53:28] [Server thread/INFO]: Preparing spawn area: 44%
[21:53:29] [Server thread/INFO]: Preparing spawn area: 49%
[21:53:30] [Server thread/INFO]: Preparing spawn area: 56%
[21:53:31] [Server thread/INFO]: Preparing spawn area: 62%
[21:53:32] [Server thread/INFO]: Preparing spawn area: 68%
[21:53:33] [Server thread/INFO]: Preparing spawn area: 74%
[21:53:34] [Server thread/INFO]: Preparing spawn area: 81%
[21:53:35] [Server thread/INFO]: Preparing spawn area: 87%
[21:53:36] [Server thread/INFO]: Preparing spawn area: 95%
[21:53:37] [Server thread/INFO]: Done (22.189s)! For help, type "help" or "?"
[21:53:40] [Server thread/WARN]: Can't keep up! Did the system time change, or is the server overloaded? Running 2640ms behind, skipping 52 tick(s)
